2025-05-03 22:13:53,379 - __main__ - INFO - Fetching 7 matches for Arsenal in Premier League
2025-05-03 22:13:53,379 - __main__ - ERROR - Error: FBrefScraper.__init__() missing 1 required positional argument: 'db_connection'
2025-05-03 22:13:53,380 - __main__ - ERROR - Traceback (most recent call last):
  File "/Users/osegonte/football-intelligence/main.py", line 197, in main
    matches_df = fetch_team_matches(
        args.name,
    ...<2 lines>...
        args.output_dir
    )
  File "/Users/osegonte/football-intelligence/main.py", line 86, in fetch_team_matches
    scraper = FBrefScraper()
TypeError: FBrefScraper.__init__() missing 1 required positional argument: 'db_connection'

2025-05-03 22:14:01,966 - __main__ - INFO - Fetching fixture data for Arsenal vs Tottenham
2025-05-03 22:14:01,966 - __main__ - ERROR - Error: FBrefScraper.__init__() missing 1 required positional argument: 'db_connection'
2025-05-03 22:14:01,967 - __main__ - ERROR - Traceback (most recent call last):
  File "/Users/osegonte/football-intelligence/main.py", line 212, in main
    fixture_data = fetch_fixture_data(
        args.home,
    ...<3 lines>...
        args.output_dir
    )
  File "/Users/osegonte/football-intelligence/main.py", line 108, in fetch_fixture_data
    scraper = FBrefScraper()
TypeError: FBrefScraper.__init__() missing 1 required positional argument: 'db_connection'

2025-05-03 22:14:14,630 - __main__ - INFO - Fetching 7 matches for Arsenal in Premier League
2025-05-03 22:14:14,630 - __main__ - ERROR - Error: FBrefScraper.__init__() missing 1 required positional argument: 'db_connection'
2025-05-03 22:14:14,630 - __main__ - ERROR - Traceback (most recent call last):
  File "/Users/osegonte/football-intelligence/main.py", line 197, in main
    matches_df = fetch_team_matches(
        args.name,
    ...<2 lines>...
        args.output_dir
    )
  File "/Users/osegonte/football-intelligence/main.py", line 86, in fetch_team_matches
    scraper = FBrefScraper()
TypeError: FBrefScraper.__init__() missing 1 required positional argument: 'db_connection'

2025-05-03 22:14:25,307 - __main__ - ERROR - Error: FBrefScraper.__init__() missing 1 required positional argument: 'db_connection'
2025-05-03 22:14:25,307 - __main__ - ERROR - Traceback (most recent call last):
  File "/Users/osegonte/football-intelligence/main.py", line 212, in main
    fixture_data = fetch_fixture_data(
        args.home,
    ...<3 lines>...
        args.output_dir
    )
  File "/Users/osegonte/football-intelligence/main.py", line 108, in fetch_fixture_data
    scraper = FBrefScraper()
TypeError: FBrefScraper.__init__() missing 1 required positional argument: 'db_connection'

2025-05-03 22:16:45,674 - __main__ - INFO - Fetching 7 matches for Arsenal in Premier League
2025-05-03 22:16:45,674 - __main__ - ERROR - Error: FBrefScraper.__init__() missing 1 required positional argument: 'db_connection'
2025-05-03 22:16:45,674 - __main__ - ERROR - Traceback (most recent call last):
  File "/Users/osegonte/football-intelligence/main.py", line 197, in main
    matches_df = fetch_team_matches(
        args.name,
    ...<2 lines>...
        args.output_dir
    )
  File "/Users/osegonte/football-intelligence/main.py", line 86, in fetch_team_matches
    scraper = FBrefScraper()
TypeError: FBrefScraper.__init__() missing 1 required positional argument: 'db_connection'

